c:\users\super\source\repos\gui_of_assignment 01\gui_of_assignment 01\debug\vc142.pdb
c:\users\super\source\repos\gui_of_assignment 01\gui_of_assignment 01\debug\.netframework,version=v4.7.2.assemblyattributes.obj
c:\users\super\source\repos\gui_of_assignment 01\gui_of_assignment 01\debug\myform.obj
c:\users\super\source\repos\gui_of_assignment 01\gui_of_assignment 01\debug\addsongsform.obj
e:\study\semester # 03\object oriented programming\project\whole project\gui_of_assignment 01\gui_of_assignment 01\debug\vc143.pdb
e:\study\semester # 03\object oriented programming\project\whole project\gui_of_assignment 01\gui_of_assignment 01\debug\.netframework,version=v4.7.2.assemblyattributes.obj
e:\study\semester # 03\object oriented programming\project\whole project\gui_of_assignment 01\gui_of_assignment 01\debug\myform.obj
e:\study\semester # 03\object oriented programming\project\whole project\gui_of_assignment 01\gui_of_assignment 01\debug\addsongsform.obj
c:\users\super\source\repos\gui_of_assignment 01\gui_of_assignment 01\debug\guiofassignment01.myform.resources
c:\users\super\source\repos\gui_of_assignment 01\gui_of_assignment 01\debug\guiofassignment01.addsongsform.resources
c:\users\super\source\repos\gui_of_assignment 01\debug\guiofassignment02.exe
c:\users\super\source\repos\gui_of_assignment 01\debug\guiofassignment02.pdb
e:\study\semester # 03\object oriented programming\project\whole project\gui_of_assignment 01\debug\guiofassignment02.exe
e:\study\semester # 03\object oriented programming\project\whole project\gui_of_assignment 01\debug\guiofassignment02.pdb
e:\study\semester # 03\object oriented programming\project\whole project\gui_of_assignment 01\gui_of_assignment 01\debug\gui_of_assignment 01.vcxproj.assemblyreference.cache
e:\study\semester # 03\object oriented programming\project\whole project\gui_of_assignment 01\gui_of_assignment 01\debug\guiofass.7dd644e7.tlog\cl.command.1.tlog
e:\study\semester # 03\object oriented programming\project\whole project\gui_of_assignment 01\gui_of_assignment 01\debug\guiofass.7dd644e7.tlog\cl.items.tlog
e:\study\semester # 03\object oriented programming\project\whole project\gui_of_assignment 01\gui_of_assignment 01\debug\guiofass.7dd644e7.tlog\cl.read.1.tlog
e:\study\semester # 03\object oriented programming\project\whole project\gui_of_assignment 01\gui_of_assignment 01\debug\guiofass.7dd644e7.tlog\cl.write.1.tlog
e:\study\semester # 03\object oriented programming\project\whole project\gui_of_assignment 01\gui_of_assignment 01\debug\guiofass.7dd644e7.tlog\guiofassignment02.write.1u.tlog
e:\study\semester # 03\object oriented programming\project\whole project\gui_of_assignment 01\gui_of_assignment 01\debug\guiofass.7dd644e7.tlog\link.command.1.tlog
e:\study\semester # 03\object oriented programming\project\whole project\gui_of_assignment 01\gui_of_assignment 01\debug\guiofass.7dd644e7.tlog\link.read.1.tlog
e:\study\semester # 03\object oriented programming\project\whole project\gui_of_assignment 01\gui_of_assignment 01\debug\guiofass.7dd644e7.tlog\link.write.1.tlog
e:\study\semester # 03\object oriented programming\project\whole project\gui_of_assignment 01\gui_of_assignment 01\debug\guiofass.7dd644e7.tlog\metagen.read.1.tlog
e:\study\semester # 03\object oriented programming\project\whole project\gui_of_assignment 01\gui_of_assignment 01\debug\guiofass.7dd644e7.tlog\metagen.write.1.tlog
e:\study\semester # 03\object oriented programming\project\whole project\gui_of_assignment 01\gui_of_assignment 01\debug\guiofass.7dd644e7.tlog\resgen.command.1.tlog
e:\study\semester # 03\object oriented programming\project\whole project\gui_of_assignment 01\gui_of_assignment 01\debug\guiofass.7dd644e7.tlog\resgen.read.1.tlog
e:\study\semester # 03\object oriented programming\project\whole project\gui_of_assignment 01\gui_of_assignment 01\debug\guiofass.7dd644e7.tlog\resgen.write.1.tlog
